<?xml version="1.0" encoding="UTF-8"?>
<robot generator="Robot 6.0.2 (Python 3.9.13 on win32)" generated="20230125 16:09:15.566" rpa="false" schemaversion="3">
<suite id="s1" name="Employee Test" source="C:\Users\40032431\Documents\Orange_Automation\2__employee_suite\01__employee_test.robot">
<test id="s1-t1" name="TC1" line="13">
<kw name="Launch Browser And Navigate to Url" library="Common_functionlities" type="SETUP">
<kw name="Open Browser" library="SeleniumLibrary">
<arg>browser= ${BROWSER_NAME}</arg>
<doc>Opens a new browser instance to the optional ``url``.</doc>
<msg timestamp="20230125 16:09:16.667" level="INFO">Opening browser ' edge' to base url 'None'.</msg>
<status status="PASS" starttime="20230125 16:09:16.667" endtime="20230125 16:09:18.302"/>
</kw>
<kw name="Maximize Browser Window" library="SeleniumLibrary">
<doc>Maximizes current browser window.</doc>
<status status="PASS" starttime="20230125 16:09:18.306" endtime="20230125 16:09:18.473"/>
</kw>
<kw name="Set Selenium Implicit Wait" library="SeleniumLibrary">
<arg>20s</arg>
<doc>Sets the implicit wait value used by Selenium.</doc>
<status status="PASS" starttime="20230125 16:09:18.474" endtime="20230125 16:09:18.481"/>
</kw>
<kw name="Go To" library="SeleniumLibrary">
<arg>${URL}</arg>
<doc>Navigates the current browser window to the provided ``url``.</doc>
<msg timestamp="20230125 16:09:18.483" level="INFO">Opening url 'https://opensource-demo.orangehrmlive.com/'</msg>
<status status="PASS" starttime="20230125 16:09:18.482" endtime="20230125 16:09:28.078"/>
</kw>
<status status="PASS" starttime="20230125 16:09:16.636" endtime="20230125 16:09:28.078"/>
</kw>
<kw name="Add Valid Employee Template">
<arg>Admin</arg>
<arg>admin123</arg>
<arg>John</arg>
<arg>j</arg>
<arg>ken</arg>
<arg>John ken</arg>
<arg>John</arg>
<kw name="Input Text" library="SeleniumLibrary">
<arg>name=username</arg>
<arg>${username}</arg>
<doc>Types the given ``text`` into the text field identified by ``locator``.</doc>
<msg timestamp="20230125 16:09:28.081" level="INFO">Typing text 'Admin' into text field 'name=username'.</msg>
<status status="PASS" starttime="20230125 16:09:28.081" endtime="20230125 16:09:28.659"/>
</kw>
<kw name="Input Password" library="SeleniumLibrary">
<arg>name=password</arg>
<arg>${password}</arg>
<doc>Types the given password into the text field identified by ``locator``.</doc>
<msg timestamp="20230125 16:09:28.659" level="INFO">Typing password into text field 'name=password'.</msg>
<msg timestamp="20230125 16:09:28.718" level="INFO">Temporally setting log level to: NONE</msg>
<msg timestamp="20230125 16:09:28.811" level="INFO">Log level changed from NONE to INFO.</msg>
<status status="PASS" starttime="20230125 16:09:28.659" endtime="20230125 16:09:28.812"/>
</kw>
<kw name="Click Element" library="SeleniumLibrary">
<arg>xpath=//*[@type='submit']</arg>
<doc>Click the element identified by ``locator``.</doc>
<msg timestamp="20230125 16:09:28.815" level="INFO">Clicking element 'xpath=//*[@type='submit']'.</msg>
<status status="PASS" starttime="20230125 16:09:28.812" endtime="20230125 16:09:30.456"/>
</kw>
<kw name="Click Element" library="SeleniumLibrary">
<arg>xpath=//span[text()='PIM']</arg>
<doc>Click the element identified by ``locator``.</doc>
<msg timestamp="20230125 16:09:30.458" level="INFO">Clicking element 'xpath=//span[text()='PIM']'.</msg>
<status status="PASS" starttime="20230125 16:09:30.457" endtime="20230125 16:09:32.601"/>
</kw>
<kw name="Click Element" library="SeleniumLibrary">
<arg>partial link=Add Employee</arg>
<doc>Click the element identified by ``locator``.</doc>
<msg timestamp="20230125 16:09:32.601" level="INFO">Clicking element 'partial link=Add Employee'.</msg>
<status status="PASS" starttime="20230125 16:09:32.601" endtime="20230125 16:09:34.838"/>
</kw>
<kw name="Input Text" library="SeleniumLibrary">
<arg>name=firstName</arg>
<arg>${fname}</arg>
<doc>Types the given ``text`` into the text field identified by ``locator``.</doc>
<msg timestamp="20230125 16:09:34.838" level="INFO">Typing text 'John' into text field 'name=firstName'.</msg>
<status status="PASS" starttime="20230125 16:09:34.838" endtime="20230125 16:09:35.495"/>
</kw>
<kw name="Input Text" library="SeleniumLibrary">
<arg>name=middleName</arg>
<arg>${m_name}</arg>
<doc>Types the given ``text`` into the text field identified by ``locator``.</doc>
<msg timestamp="20230125 16:09:35.495" level="INFO">Typing text 'j' into text field 'name=middleName'.</msg>
<status status="PASS" starttime="20230125 16:09:35.495" endtime="20230125 16:09:35.624"/>
</kw>
<kw name="Input Text" library="SeleniumLibrary">
<arg>name=lastName</arg>
<arg>${l_name}</arg>
<doc>Types the given ``text`` into the text field identified by ``locator``.</doc>
<msg timestamp="20230125 16:09:35.624" level="INFO">Typing text 'ken' into text field 'name=lastName'.</msg>
<status status="PASS" starttime="20230125 16:09:35.624" endtime="20230125 16:09:35.760"/>
</kw>
<kw name="Sleep" library="BuiltIn">
<arg>5s</arg>
<doc>Pauses the test executed for the given time.</doc>
<msg timestamp="20230125 16:09:40.782" level="INFO">Slept 5 seconds</msg>
<status status="PASS" starttime="20230125 16:09:35.760" endtime="20230125 16:09:40.782"/>
</kw>
<kw name="Click Element" library="SeleniumLibrary">
<arg>xpath=//*[@type='submit']</arg>
<doc>Click the element identified by ``locator``.</doc>
<msg timestamp="20230125 16:09:40.782" level="INFO">Clicking element 'xpath=//*[@type='submit']'.</msg>
<status status="PASS" starttime="20230125 16:09:40.782" endtime="20230125 16:09:40.854"/>
</kw>
<kw name="Sleep" library="BuiltIn">
<arg>5s</arg>
<doc>Pauses the test executed for the given time.</doc>
<msg timestamp="20230125 16:09:45.861" level="INFO">Slept 5 seconds</msg>
<status status="PASS" starttime="20230125 16:09:40.854" endtime="20230125 16:09:45.861"/>
</kw>
<kw name="Element Should Contain" library="SeleniumLibrary">
<arg>xpath=//h6[contains(normalize-space(),'${fname}')]</arg>
<arg>${exp_val1}</arg>
<doc>Verifies that element ``locator`` contains text ``expected``.</doc>
<msg timestamp="20230125 16:09:46.229" level="INFO">Element 'xpath=//h6[contains(normalize-space(),'John')]' contains text 'John ken'.</msg>
<status status="PASS" starttime="20230125 16:09:45.861" endtime="20230125 16:09:46.229"/>
</kw>
<kw name="Element Attribute Value Should Be" library="SeleniumLibrary">
<arg>name=firstName</arg>
<arg>value</arg>
<arg>${exp_val2}</arg>
<doc>Verifies element identified by ``locator`` contains expected attribute value.</doc>
<msg timestamp="20230125 16:09:46.261" level="INFO">Element 'name=firstName' attribute 'value' contains value 'John'.</msg>
<status status="PASS" starttime="20230125 16:09:46.229" endtime="20230125 16:09:46.261"/>
</kw>
<status status="PASS" starttime="20230125 16:09:28.080" endtime="20230125 16:09:46.261"/>
</kw>
<kw name="Close Browser" library="SeleniumLibrary" type="TEARDOWN">
<doc>Closes the current browser.</doc>
<status status="PASS" starttime="20230125 16:09:46.261" endtime="20230125 16:09:48.611"/>
</kw>
<status status="PASS" starttime="20230125 16:09:16.636" endtime="20230125 16:09:48.611"/>
</test>
<test id="s1-t2" name="TC1" line="13">
<kw name="Launch Browser And Navigate to Url" library="Common_functionlities" type="SETUP">
<kw name="Open Browser" library="SeleniumLibrary">
<arg>browser= ${BROWSER_NAME}</arg>
<doc>Opens a new browser instance to the optional ``url``.</doc>
<msg timestamp="20230125 16:09:48.611" level="INFO">Opening browser ' edge' to base url 'None'.</msg>
<status status="PASS" starttime="20230125 16:09:48.611" endtime="20230125 16:09:50.229"/>
</kw>
<kw name="Maximize Browser Window" library="SeleniumLibrary">
<doc>Maximizes current browser window.</doc>
<status status="PASS" starttime="20230125 16:09:50.231" endtime="20230125 16:09:50.354"/>
</kw>
<kw name="Set Selenium Implicit Wait" library="SeleniumLibrary">
<arg>20s</arg>
<doc>Sets the implicit wait value used by Selenium.</doc>
<status status="PASS" starttime="20230125 16:09:50.354" endtime="20230125 16:09:50.362"/>
</kw>
<kw name="Go To" library="SeleniumLibrary">
<arg>${URL}</arg>
<doc>Navigates the current browser window to the provided ``url``.</doc>
<msg timestamp="20230125 16:09:50.362" level="INFO">Opening url 'https://opensource-demo.orangehrmlive.com/'</msg>
<status status="PASS" starttime="20230125 16:09:50.362" endtime="20230125 16:09:59.945"/>
</kw>
<status status="PASS" starttime="20230125 16:09:48.611" endtime="20230125 16:09:59.945"/>
</kw>
<kw name="Add Valid Employee Template">
<arg>Admin</arg>
<arg>admin123</arg>
<arg>Rad</arg>
<arg>t</arg>
<arg>sin</arg>
<arg>Rad sin</arg>
<arg>Rad</arg>
<kw name="Input Text" library="SeleniumLibrary">
<arg>name=username</arg>
<arg>${username}</arg>
<doc>Types the given ``text`` into the text field identified by ``locator``.</doc>
<msg timestamp="20230125 16:09:59.945" level="INFO">Typing text 'Admin' into text field 'name=username'.</msg>
<status status="PASS" starttime="20230125 16:09:59.945" endtime="20230125 16:10:00.866"/>
</kw>
<kw name="Input Password" library="SeleniumLibrary">
<arg>name=password</arg>
<arg>${password}</arg>
<doc>Types the given password into the text field identified by ``locator``.</doc>
<msg timestamp="20230125 16:10:00.867" level="INFO">Typing password into text field 'name=password'.</msg>
<msg timestamp="20230125 16:10:00.920" level="INFO">Temporally setting log level to: NONE</msg>
<msg timestamp="20230125 16:10:01.016" level="INFO">Log level changed from NONE to INFO.</msg>
<status status="PASS" starttime="20230125 16:10:00.867" endtime="20230125 16:10:01.017"/>
</kw>
<kw name="Click Element" library="SeleniumLibrary">
<arg>xpath=//*[@type='submit']</arg>
<doc>Click the element identified by ``locator``.</doc>
<msg timestamp="20230125 16:10:01.021" level="INFO">Clicking element 'xpath=//*[@type='submit']'.</msg>
<status status="PASS" starttime="20230125 16:10:01.018" endtime="20230125 16:10:01.108"/>
</kw>
<kw name="Click Element" library="SeleniumLibrary">
<arg>xpath=//span[text()='PIM']</arg>
<doc>Click the element identified by ``locator``.</doc>
<msg timestamp="20230125 16:10:01.111" level="INFO">Clicking element 'xpath=//span[text()='PIM']'.</msg>
<status status="PASS" starttime="20230125 16:10:01.109" endtime="20230125 16:10:04.882"/>
</kw>
<kw name="Click Element" library="SeleniumLibrary">
<arg>partial link=Add Employee</arg>
<doc>Click the element identified by ``locator``.</doc>
<msg timestamp="20230125 16:10:04.882" level="INFO">Clicking element 'partial link=Add Employee'.</msg>
<status status="PASS" starttime="20230125 16:10:04.882" endtime="20230125 16:10:06.281"/>
</kw>
<kw name="Input Text" library="SeleniumLibrary">
<arg>name=firstName</arg>
<arg>${fname}</arg>
<doc>Types the given ``text`` into the text field identified by ``locator``.</doc>
<msg timestamp="20230125 16:10:06.281" level="INFO">Typing text 'Rad' into text field 'name=firstName'.</msg>
<status status="PASS" starttime="20230125 16:10:06.281" endtime="20230125 16:10:07.038"/>
</kw>
<kw name="Input Text" library="SeleniumLibrary">
<arg>name=middleName</arg>
<arg>${m_name}</arg>
<doc>Types the given ``text`` into the text field identified by ``locator``.</doc>
<msg timestamp="20230125 16:10:07.038" level="INFO">Typing text 't' into text field 'name=middleName'.</msg>
<status status="PASS" starttime="20230125 16:10:07.038" endtime="20230125 16:10:07.160"/>
</kw>
<kw name="Input Text" library="SeleniumLibrary">
<arg>name=lastName</arg>
<arg>${l_name}</arg>
<doc>Types the given ``text`` into the text field identified by ``locator``.</doc>
<msg timestamp="20230125 16:10:07.160" level="INFO">Typing text 'sin' into text field 'name=lastName'.</msg>
<status status="PASS" starttime="20230125 16:10:07.160" endtime="20230125 16:10:07.298"/>
</kw>
<kw name="Sleep" library="BuiltIn">
<arg>5s</arg>
<doc>Pauses the test executed for the given time.</doc>
<msg timestamp="20230125 16:10:12.311" level="INFO">Slept 5 seconds</msg>
<status status="PASS" starttime="20230125 16:10:07.299" endtime="20230125 16:10:12.311"/>
</kw>
<kw name="Click Element" library="SeleniumLibrary">
<arg>xpath=//*[@type='submit']</arg>
<doc>Click the element identified by ``locator``.</doc>
<msg timestamp="20230125 16:10:12.311" level="INFO">Clicking element 'xpath=//*[@type='submit']'.</msg>
<status status="PASS" starttime="20230125 16:10:12.311" endtime="20230125 16:10:12.390"/>
</kw>
<kw name="Sleep" library="BuiltIn">
<arg>5s</arg>
<doc>Pauses the test executed for the given time.</doc>
<msg timestamp="20230125 16:10:17.395" level="INFO">Slept 5 seconds</msg>
<status status="PASS" starttime="20230125 16:10:12.390" endtime="20230125 16:10:17.395"/>
</kw>
<kw name="Element Should Contain" library="SeleniumLibrary">
<arg>xpath=//h6[contains(normalize-space(),'${fname}')]</arg>
<arg>${exp_val1}</arg>
<doc>Verifies that element ``locator`` contains text ``expected``.</doc>
<msg timestamp="20230125 16:10:17.765" level="INFO">Element 'xpath=//h6[contains(normalize-space(),'Rad')]' contains text 'Rad sin'.</msg>
<status status="PASS" starttime="20230125 16:10:17.395" endtime="20230125 16:10:17.765"/>
</kw>
<kw name="Element Attribute Value Should Be" library="SeleniumLibrary">
<arg>name=firstName</arg>
<arg>value</arg>
<arg>${exp_val2}</arg>
<doc>Verifies element identified by ``locator`` contains expected attribute value.</doc>
<msg timestamp="20230125 16:10:17.797" level="INFO">Element 'name=firstName' attribute 'value' contains value 'Rad'.</msg>
<status status="PASS" starttime="20230125 16:10:17.765" endtime="20230125 16:10:17.797"/>
</kw>
<status status="PASS" starttime="20230125 16:09:59.945" endtime="20230125 16:10:17.797"/>
</kw>
<kw name="Close Browser" library="SeleniumLibrary" type="TEARDOWN">
<doc>Closes the current browser.</doc>
<status status="PASS" starttime="20230125 16:10:17.797" endtime="20230125 16:10:20.123"/>
</kw>
<status status="PASS" starttime="20230125 16:09:48.611" endtime="20230125 16:10:20.123"/>
</test>
<doc>This file contains test case related to valid employee</doc>
<status status="PASS" starttime="20230125 16:09:15.570" endtime="20230125 16:10:20.123"/>
</suite>
<statistics>
<total>
<stat pass="2" fail="0" skip="0">All Tests</stat>
</total>
<tag>
</tag>
<suite>
<stat pass="2" fail="0" skip="0" id="s1" name="Employee Test">Employee Test</stat>
</suite>
</statistics>
<errors>
<msg timestamp="20230125 16:09:48.611" level="WARN">Multiple tests with name 'TC1' executed in suite 'Employee Test'.</msg>
</errors>
</robot>
